<?xml version="1.0" encoding="UTF-8"?>
<testsuite xmlns:xsi="http://www.w3.org/2001/XMLSchema-instance" xsi:noNamespaceSchemaLocation="https://maven.apache.org/surefire/maven-surefire-plugin/xsd/surefire-test-report-3.0.xsd" version="3.0" name="spring.it.CatalogServiceITestV4" time="18.137" tests="1" errors="0" skipped="0" failures="1">
  <properties>
[...]
</properties>
  <testcase name="testReadBooks" classname="spring.it.CatalogServiceITestV4" time="2.357">
    <failure type="java.lang.AssertionError"><![CDATA[java.lang.AssertionError: JSON path "$.value[0].stock" expected:<100> but was:<12>
	at spring.it.CatalogServiceITestV4.testReadBooks(CatalogServiceITestV4.java:29)
]]></failure>
    <system-out><![CDATA[11:47:20.964 [main] DEBUG org.springframework.test.context.junit4.SpringJUnit4ClassRunner - SpringJUnit4ClassRunner constructor called with [class spring.it.CatalogServiceITestV4]
11:47:20.996 [main] DEBUG org.springframework.test.context.BootstrapUtils - Instantiating CacheAwareContextLoaderDelegate from class [org.springframework.test.context.cache.DefaultCacheAwareContextLoaderDelegate]
11:47:21.029 [main] DEBUG org.springframework.test.context.BootstrapUtils - Instantiating BootstrapContext using constructor [public org.springframework.test.context.support.DefaultBootstrapContext(java.lang.Class,org.springframework.test.context.CacheAwareContextLoaderDelegate)]
11:47:21.183 [main] DEBUG org.springframework.test.context.BootstrapUtils - Instantiating TestContextBootstrapper for test class [spring.it.CatalogServiceITestV4] from class [org.springframework.boot.test.context.SpringBootTestContextBootstrapper]
11:47:21.227 [main] INFO org.springframework.boot.test.context.SpringBootTestContextBootstrapper - Neither @ContextConfiguration nor @ContextHierarchy found for test class [spring.it.CatalogServiceITestV4], using SpringBootContextLoader
11:47:21.234 [main] DEBUG org.springframework.test.context.support.AbstractContextLoader - Did not detect default resource location for test class [spring.it.CatalogServiceITestV4]: class path resource [spring/it/CatalogServiceITestV4-context.xml] does not exist
11:47:21.243 [main] DEBUG org.springframework.test.context.support.AbstractContextLoader - Did not detect default resource location for test class [spring.it.CatalogServiceITestV4]: class path resource [spring/it/CatalogServiceITestV4Context.groovy] does not exist
11:47:21.244 [main] INFO org.springframework.test.context.support.AbstractContextLoader - Could not detect default resource locations for test class [spring.it.CatalogServiceITestV4]: no resource found for suffixes {-context.xml, Context.groovy}.
11:47:21.416 [main] DEBUG org.springframework.test.context.support.ActiveProfilesUtils - Could not find an 'annotation declaring class' for annotation type [org.springframework.test.context.ActiveProfiles] and class [spring.it.CatalogServiceITestV4]
11:47:21.850 [main] DEBUG org.springframework.boot.test.context.SpringBootTestContextBootstrapper - @TestExecutionListeners is not present for class [spring.it.CatalogServiceITestV4]: using defaults.
11:47:21.850 [main] INFO org.springframework.boot.test.context.SpringBootTestContextBootstrapper - Loaded default TestExecutionListener class names from location [META-INF/spring.factories]: [org.springframework.boot.test.mock.mockito.MockitoTestExecutionListener, org.springframework.boot.test.mock.mockito.ResetMocksTestExecutionListener, org.springframework.boot.test.autoconfigure.restdocs.RestDocsTestExecutionListener, org.springframework.boot.test.autoconfigure.web.client.MockRestServiceServerResetTestExecutionListener, org.springframework.boot.test.autoconfigure.web.servlet.MockMvcPrintOnlyOnFailureTestExecutionListener, org.springframework.boot.test.autoconfigure.web.servlet.WebDriverTestExecutionListener, org.springframework.boot.test.autoconfigure.webservices.client.MockWebServiceServerTestExecutionListener, org.springframework.test.context.web.ServletTestExecutionListener, org.springframework.test.context.support.DirtiesContextBeforeModesTestExecutionListener, org.springframework.test.context.event.ApplicationEventsTestExecutionListener, org.springframework.test.context.support.DependencyInjectionTestExecutionListener, org.springframework.test.context.support.DirtiesContextTestExecutionListener, org.springframework.test.context.transaction.TransactionalTestExecutionListener, org.springframework.test.context.jdbc.SqlScriptsTestExecutionListener, org.springframework.test.context.event.EventPublishingTestExecutionListener]
11:47:21.916 [main] INFO org.springframework.boot.test.context.SpringBootTestContextBootstrapper - Using TestExecutionListeners: [org.springframework.test.context.web.ServletTestExecutionListener@4be490da, org.springframework.test.context.support.DirtiesContextBeforeModesTestExecutionListener@4168f3d9, org.springframework.test.context.event.ApplicationEventsTestExecutionListener@353e6389, org.springframework.boot.test.mock.mockito.MockitoTestExecutionListener@15e8f9b2, org.springframework.boot.test.autoconfigure.SpringBootDependencyInjectionTestExecutionListener@7a65c995, org.springframework.test.context.support.DirtiesContextTestExecutionListener@7c950b3b, org.springframework.test.context.transaction.TransactionalTestExecutionListener@3af10d0b, org.springframework.test.context.jdbc.SqlScriptsTestExecutionListener@6806468e, org.springframework.test.context.event.EventPublishingTestExecutionListener@3c7b137a, org.springframework.boot.test.mock.mockito.ResetMocksTestExecutionListener@68631b1d, org.springframework.boot.test.autoconfigure.restdocs.RestDocsTestExecutionListener@5a48da4f, org.springframework.boot.test.autoconfigure.web.client.MockRestServiceServerResetTestExecutionListener@a0c5be, org.springframework.boot.test.autoconfigure.web.servlet.MockMvcPrintOnlyOnFailureTestExecutionListener@6424e613, org.springframework.boot.test.autoconfigure.web.servlet.WebDriverTestExecutionListener@14efa279, org.springframework.boot.test.autoconfigure.webservices.client.MockWebServiceServerTestExecutionListener@8e99809]
11:47:21.925 [main] DEBUG org.springframework.test.annotation.ProfileValueUtils - Retrieved @ProfileValueSourceConfiguration [null] for test class [spring.it.CatalogServiceITestV4]
11:47:21.928 [main] DEBUG org.springframework.test.annotation.ProfileValueUtils - Retrieved ProfileValueSource type [class org.springframework.test.annotation.SystemProfileValueSource] for class [spring.it.CatalogServiceITestV4]
11:47:21.928 [main] DEBUG org.springframework.test.annotation.ProfileValueUtils - Retrieved @ProfileValueSourceConfiguration [null] for test class [spring.it.CatalogServiceITestV4]
11:47:21.928 [main] DEBUG org.springframework.test.annotation.ProfileValueUtils - Retrieved ProfileValueSource type [class org.springframework.test.annotation.SystemProfileValueSource] for class [spring.it.CatalogServiceITestV4]
11:47:21.939 [main] DEBUG org.springframework.test.annotation.ProfileValueUtils - Retrieved @ProfileValueSourceConfiguration [null] for test class [spring.it.CatalogServiceITestV4]
11:47:21.939 [main] DEBUG org.springframework.test.annotation.ProfileValueUtils - Retrieved ProfileValueSource type [class org.springframework.test.annotation.SystemProfileValueSource] for class [spring.it.CatalogServiceITestV4]
11:47:22.157 [main] DEBUG org.springframework.test.annotation.ProfileValueUtils - Retrieved @ProfileValueSourceConfiguration [null] for test class [spring.it.CatalogServiceITestV4]
11:47:22.157 [main] DEBUG org.springframework.test.annotation.ProfileValueUtils - Retrieved ProfileValueSource type [class org.springframework.test.annotation.SystemProfileValueSource] for class [spring.it.CatalogServiceITestV4]
11:47:22.165 [main] DEBUG org.springframework.test.annotation.ProfileValueUtils - Retrieved @ProfileValueSourceConfiguration [null] for test class [spring.it.CatalogServiceITestV4]
11:47:22.166 [main] DEBUG org.springframework.test.annotation.ProfileValueUtils - Retrieved ProfileValueSource type [class org.springframework.test.annotation.SystemProfileValueSource] for class [spring.it.CatalogServiceITestV4]
11:47:22.167 [main] DEBUG org.springframework.test.annotation.ProfileValueUtils - Retrieved @ProfileValueSourceConfiguration [null] for test class [spring.it.CatalogServiceITestV4]
11:47:22.167 [main] DEBUG org.springframework.test.annotation.ProfileValueUtils - Retrieved ProfileValueSource type [class org.springframework.test.annotation.SystemProfileValueSource] for class [spring.it.CatalogServiceITestV4]
11:47:22.182 [main] DEBUG org.springframework.test.context.support.AbstractDirtiesContextTestExecutionListener - Before test class: context [DefaultTestContext@7f51f588 testClass = CatalogServiceITestV4, testInstance = [null], testMethod = [null], testException = [null], mergedContextConfiguration = [WebMergedContextConfiguration@6fb22ae3 testClass = CatalogServiceITestV4, locations = '{}', classes = '{class spring.Application}', contextInitializerClasses = '[]', activeProfiles = '{}', propertySourceLocations = '{}', propertySourceProperties = '{org.springframework.boot.test.context.SpringBootTestContextBootstrapper=true}', contextCustomizers = set[[ImportsContextCustomizer@6bd92538 key = [org.springframework.boot.test.autoconfigure.web.servlet.MockMvcAutoConfiguration, org.springframework.boot.test.autoconfigure.web.servlet.MockMvcWebClientAutoConfiguration, org.springframework.boot.test.autoconfigure.web.servlet.MockMvcWebDriverAutoConfiguration, org.springframework.boot.autoconfigure.security.oauth2.client.servlet.OAuth2ClientAutoConfiguration, org.springframework.boot.autoconfigure.security.oauth2.resource.servlet.OAuth2ResourceServerAutoConfiguration, org.springframework.boot.autoconfigure.security.servlet.SecurityAutoConfiguration, org.springframework.boot.autoconfigure.security.servlet.SecurityFilterAutoConfiguration, org.springframework.boot.autoconfigure.security.servlet.UserDetailsServiceAutoConfiguration, org.springframework.boot.test.autoconfigure.web.servlet.MockMvcSecurityConfiguration, org.springframework.boot.test.autoconfigure.web.reactive.WebTestClientAutoConfiguration]], org.springframework.boot.test.context.filter.ExcludeFilterContextCustomizer@2643d762, org.springframework.boot.test.json.DuplicateJsonObjectContextCustomizerFactory$DuplicateJsonObjectContextCustomizer@476fe690, org.springframework.boot.test.mock.mockito.MockitoContextCustomizer@0, org.springframework.boot.test.web.client.TestRestTemplateContextCustomizer@784abd3e, org.springframework.boot.test.autoconfigure.actuate.metrics.MetricsExportContextCustomizerFactory$DisableMetricExportContextCustomizer@37df14d1, org.springframework.boot.test.autoconfigure.properties.PropertyMappingContextCustomizer@4b3fa0b3, org.springframework.boot.test.autoconfigure.web.servlet.WebDriverContextCustomizerFactory$Customizer@6f94fb9d, org.springframework.boot.test.context.SpringBootTestArgs@1, org.springframework.boot.test.context.SpringBootTestWebEnvironment@4d7aaca2], resourceBasePath = 'src/main/webapp', contextLoader = 'org.springframework.boot.test.context.SpringBootContextLoader', parent = [null]], attributes = map['org.springframework.test.context.web.ServletTestExecutionListener.activateListener' -> true]], class annotated with @DirtiesContext [false] with mode [null].
11:47:22.197 [main] DEBUG org.springframework.test.annotation.ProfileValueUtils - Retrieved @ProfileValueSourceConfiguration [null] for test class [spring.it.CatalogServiceITestV4]
11:47:22.199 [main] DEBUG org.springframework.test.annotation.ProfileValueUtils - Retrieved ProfileValueSource type [class org.springframework.test.annotation.SystemProfileValueSource] for class [spring.it.CatalogServiceITestV4]

  .   ____          _            __ _ _
 /\\ / ___'_ __ _ _(_)_ __  __ _ \ \ \ \
( ( )\___ | '_ | '_| | '_ \/ _` | \ \ \ \
 \\/  ___)| |_)| | | | | || (_| |  ) ) ) )
  '  |____| .__|_| |_|_| |_\__, | / / / /
 =========|_|==============|___/=/_/_/_/
 :: Spring Boot ::                (v2.6.7)

2022-05-30 11:47:25.143  WARN 24912 --- [           main] ory$DuplicateJsonObjectContextCustomizer : 

Found multiple occurrences of org.json.JSONObject on the class path:

	jar:file:/C:/Users/Abhishek%20Kanaujiya/.m2/repository/org/json/json/20220320/json-20220320.jar!/org/json/JSONObject.class
	jar:file:/C:/Users/Abhishek%20Kanaujiya/.m2/repository/com/vaadin/external/google/android-json/0.0.20131108.vaadin1/android-json-0.0.20131108.vaadin1.jar!/org/json/JSONObject.class

You may wish to exclude one of them to ensure predictable runtime behavior

2022-05-30 11:47:25.181  INFO 24912 --- [           main] spring.it.CatalogServiceITestV4          : Starting CatalogServiceITestV4 using Java 1.8.0_241 on LAPTOP-A993AL18 with PID 24912 (started by Abhishek Kanaujiya in C:\Users\Abhishek Kanaujiya\Desktop\rest_api\springp\integration-tests)
2022-05-30 11:47:25.185  INFO 24912 --- [           main] spring.it.CatalogServiceITestV4          : No active profile set, falling back to 1 default profile: "default"
2022-05-30 11:47:26.542  INFO 24912 --- [           main] c.s.c.services.impl.ServiceCatalogImpl   : Registered service ApplicationLifecycleService$Default
2022-05-30 11:47:26.553  INFO 24912 --- [           main] c.s.c.services.impl.ServiceCatalogImpl   : Registered service AuthorizationService$Default
2022-05-30 11:47:26.568  INFO 24912 --- [           main] c.s.c.services.impl.ServiceCatalogImpl   : Registered service TenantProviderService$Default
2022-05-30 11:47:26.585  INFO 24912 --- [           main] c.s.c.services.impl.ServiceCatalogImpl   : Registered service OutboxService$InMemory
2022-05-30 11:47:26.599  INFO 24912 --- [           main] c.s.c.services.impl.ServiceCatalogImpl   : Registered service AuditlogService$Default
2022-05-30 11:47:26.627  INFO 24912 --- [           main] com.sap.cds.feature.mt.MtUtils           : No multitencancy-capable datasource binding found (MT disabled)
2022-05-30 11:47:26.664  INFO 24912 --- [           main] c.s.c.services.impl.ServiceCatalogImpl   : Registered service CatalogService
2022-05-30 11:47:26.664  INFO 24912 --- [           main] c.s.c.f.s.c.runtime.CdsRuntimeConfig     : Auto-configuration of DataSource beans is explicitly disabled.
2022-05-30 11:47:29.554  INFO 24912 --- [           main] c.a.o.v.m.m.AbstractEdmxProviderAccessor : Initialized Default EDMX V4 Provider
2022-05-30 11:47:29.580  INFO 24912 --- [           main] c.s.c.f.s.c.adapter.AdapterBeanFactory   : Servlet CdsODataV4Servlet mapped to /odata/v4
2022-05-30 11:47:29.673  INFO 24912 --- [           main] c.s.c.f.s.c.adapter.AdapterBeanFactory   : Servlet IndexPageServlet mapped to /
2022-05-30 11:47:33.567  INFO 24912 --- [           main] c.s.c.f.s.c.a.m.MockUsersSecurityConfig  : Added mock user {"name":"authenticated","password":"","systemUser":false,"privileged":false,"internalUser":false,"roles":[],"attributes":{},"unrestricted":[],"additional":{},"valid":true}
2022-05-30 11:47:33.747  INFO 24912 --- [           main] c.s.c.f.s.c.a.m.MockUsersSecurityConfig  : Added mock user {"name":"system","password":"","systemUser":true,"privileged":false,"internalUser":false,"roles":[],"attributes":{},"unrestricted":[],"additional":{},"valid":true}
2022-05-30 11:47:33.909  INFO 24912 --- [           main] c.s.c.f.s.c.a.m.MockUsersSecurityConfig  : Added mock user {"name":"internal","password":"","systemUser":false,"privileged":false,"internalUser":true,"roles":[],"attributes":{},"unrestricted":[],"additional":{},"valid":true}
2022-05-30 11:47:34.069  INFO 24912 --- [           main] c.s.c.f.s.c.a.m.MockUsersSecurityConfig  : Added mock user {"name":"privileged","password":"","systemUser":false,"privileged":true,"internalUser":false,"roles":[],"attributes":{},"unrestricted":[],"additional":{},"valid":true}
2022-05-30 11:47:34.251  INFO 24912 --- [           main] c.s.c.f.s.c.a.m.MockUsersSecurityConfig  : *************************************************************************
2022-05-30 11:47:34.251  INFO 24912 --- [           main] c.s.c.f.s.c.a.m.MockUsersSecurityConfig  : *  Security configuration based on mock users found in active profile.  *
2022-05-30 11:47:34.251  INFO 24912 --- [           main] c.s.c.f.s.c.a.m.MockUsersSecurityConfig  : *                 !!! NEVER USE IN PRODUCTIVE MODE !!!                  *
2022-05-30 11:47:34.251  INFO 24912 --- [           main] c.s.c.f.s.c.a.m.MockUsersSecurityConfig  : *************************************************************************
2022-05-30 11:47:34.497  INFO 24912 --- [           main] o.s.s.web.DefaultSecurityFilterChain     : Will secure any request with [org.springframework.security.web.context.request.async.WebAsyncManagerIntegrationFilter@1e334e47, org.springframework.security.web.context.SecurityContextPersistenceFilter@5a315754, org.springframework.security.web.header.HeaderWriterFilter@4c2e0036, org.springframework.security.web.authentication.logout.LogoutFilter@1c790a59, org.springframework.security.web.authentication.www.BasicAuthenticationFilter@7d399d58, org.springframework.security.web.savedrequest.RequestCacheAwareFilter@61ac42c6, org.springframework.security.web.servletapi.SecurityContextHolderAwareRequestFilter@54cee9a6, org.springframework.security.web.authentication.AnonymousAuthenticationFilter@43ddf79b, org.springframework.security.web.session.SessionManagementFilter@16446cfb, org.springframework.security.web.access.ExceptionTranslationFilter@355a5a85, org.springframework.security.web.access.intercept.FilterSecurityInterceptor@245d83f]
2022-05-30 11:47:34.692  INFO 24912 --- [           main] com.zaxxer.hikari.HikariDataSource       : HikariPool-1 - Starting...
2022-05-30 11:47:35.575  INFO 24912 --- [           main] com.zaxxer.hikari.HikariDataSource       : HikariPool-1 - Start completed.
2022-05-30 11:47:35.918  INFO 24912 --- [           main] c.s.c.services.impl.ServiceCatalogImpl   : Registered service PersistenceService$Default
2022-05-30 11:47:36.178  INFO 24912 --- [           main] c.s.c.s.impl.runtime.CdsRuntimeImpl      : Registered handler class spring.handlers.CatalogServiceHandler
2022-05-30 11:47:36.424  INFO 24912 --- [           main] c.sap.cds.services.impl.utils.BuildInfo  : git.commit.id: 35ece97d85477b6721738a31dc062e0c9ea549f4
2022-05-30 11:47:36.429  INFO 24912 --- [           main] c.sap.cds.services.impl.utils.BuildInfo  : maven.version: 1.24.0
2022-05-30 11:47:36.824  INFO 24912 --- [           main] c.s.c.s.impl.persistence.CsvDataLoader   : Filling my.bookshop.author from ..\db\data\my.bookshop-author.csv
2022-05-30 11:47:36.855  INFO 24912 --- [           main] c.s.c.s.impl.persistence.CsvDataLoader   : Filling my.bookshop.Books from ..\db\data\my.bookshop-Books.csv
2022-05-30 11:47:37.560  INFO 24912 --- [           main] o.s.b.t.m.w.SpringBootMockServletContext : Initializing Spring TestDispatcherServlet ''
2022-05-30 11:47:37.561  INFO 24912 --- [           main] o.s.t.web.servlet.TestDispatcherServlet  : Initializing Servlet ''
2022-05-30 11:47:37.563  INFO 24912 --- [           main] o.s.t.web.servlet.TestDispatcherServlet  : Completed initialization in 2 ms
2022-05-30 11:47:37.853  INFO 24912 --- [           main] spring.it.CatalogServiceITestV4          : Started CatalogServiceITestV4 in 15.517 seconds (JVM running for 19.107)
2022-05-30 11:47:38.800  INFO 24912 --- [           main] c.a.o.v.m.m.AbstractEdmxProviderAccessor : Loading OData V4 metadata for service 'CatalogService'

MockHttpServletRequest:
      HTTP Method = GET
      Request URI = /odata/v4/CatalogService/Books
       Parameters = {}
          Headers = []
             Body = null
    Session Attrs = {}

Handler:
             Type = com.sap.cds.framework.spring.config.adapter.ServletAdapterRestController

Async:
    Async started = false
     Async result = null

Resolved Exception:
             Type = null

ModelAndView:
        View name = null
             View = null
            Model = null

FlashMap:
       Attributes = null

MockHttpServletResponse:
           Status = 200
    Error message = null
          Headers = [Content-Type:"application/json;odata.metadata=minimal", OData-Version:"4.01", X-Content-Type-Options:"nosniff", X-XSS-Protection:"1; mode=block", Cache-Control:"no-cache, no-store, max-age=0, must-revalidate", Pragma:"no-cache", Expires:"0", X-Frame-Options:"DENY"]
     Content type = application/json;odata.metadata=minimal
             Body = {"@context":"$metadata#Books","@metadataEtag":"W/\"f500221a33df0bef708c7b8feb03894e6f361f284acea4417bcc17afab018120\"","value":[{"ID":201,"title":"Wuthering Heights","author_ID":101,"stock":12},{"ID":207,"title":"Jane Eyre","author_ID":107,"stock":11},{"ID":251,"title":"The Raven (discounted)","author_ID":150,"stock":333},{"ID":252,"title":"Eleonora (discounted)","author_ID":150,"stock":555},{"ID":271,"title":"Catweazle","author_ID":170,"stock":22}]}
    Forwarded URL = null
   Redirected URL = null
          Cookies = []
]]></system-out>
  </testcase>
</testsuite>